<?xml version="1.0" encoding="UTF-8"?>
<!-- Generated by org.testng.reporters.JUnitReportReporter -->
<testsuite hostname="DESKTOP-3EH7T8U" failures="0" tests="6" name="User_Management.postUsers" time="4.102" errors="0" timestamp="2024-05-05T11:44:27 IST" skipped="0">
  <testcase classname="User_Management.postUsers" name="validatePostWithString" time="0.407"/>
  <system-out/>
  <testcase classname="User_Management.postUsers" name="validatePatchWithJsonFile" time="1.698"/>
  <system-out/>
  <testcase classname="User_Management.postUsers" name="validatePutWithString" time="0.506"/>
  <system-out/>
  <testcase classname="User_Management.postUsers" name="validatePostWithJsonFile" time="0.493"/>
  <system-out/>
  <testcase classname="User_Management.postUsers" name="validatePatchWithString" time="0.377"/>
  <system-out/>
  <testcase classname="User_Management.postUsers" name="validatePutWithJsonFile" time="0.621"/>
  <system-out/>
</testsuite> <!-- User_Management.postUsers -->
