<?xml version="1.0" encoding="UTF-8"?>
<!-- Generated by org.testng.reporters.JUnitReportReporter -->
<testsuite hostname="DESKTOP-3EH7T8U" failures="0" tests="1" name="User_Management.getErgast" time="0.675" errors="0" timestamp="2024-04-01T06:58:05 IST" skipped="0">
  <testcase classname="User_Management.getErgast" name="testUserCookies" time="0.675"/>
  <system-out/>
</testsuite> <!-- User_Management.getErgast -->
