<?xml version="1.0" encoding="UTF-8"?>
<!-- Generated by org.testng.reporters.JUnitReportReporter -->
<testsuite hostname="DESKTOP-3EH7T8U" failures="0" tests="3" name="User_Management.getPostmanEcho" time="6.908" errors="0" timestamp="2024-03-31T20:34:27 IST" skipped="0">
  <testcase classname="User_Management.getPostmanEcho" name="validateResponseBodyGetDigestAuth" time="1.953"/>
  <system-out/>
  <testcase classname="User_Management.getPostmanEcho" name="validateResponseBodyGetBasicAuth" time="2.276"/>
  <system-out/>
  <testcase classname="User_Management.getPostmanEcho" name="validateWithTestDataFromJson" time="2.679"/>
  <system-out/>
</testsuite> <!-- User_Management.getPostmanEcho -->
